Start testing: Feb 25 04:36 Tokyo Standard Time
----------------------------------------------------------
1/1 Testing: ini_editor_tests
1/1 Test: ini_editor_tests
Command: "C:/Users/Hunter/Downloads/Ini editor/build-mingw2/tests/ini_editor_tests.exe"
Directory: C:/Users/Hunter/Downloads/Ini editor/build-mingw2/tests
"ini_editor_tests" start time: Feb 25 04:36 Tokyo Standard Time
Output:
----------------------------------------------------------
<end of output>
Test time =   0.12 sec
----------------------------------------------------------
Test Passed.
"ini_editor_tests" end time: Feb 25 04:36 Tokyo Standard Time
"ini_editor_tests" time elapsed: 00:00:00
----------------------------------------------------------

End testing: Feb 25 04:36 Tokyo Standard Time
